# JRE version: OpenJDK Runtime Environment (21.0.3) (build 21.0.3+-12282718-b509.11)
# Java VM: OpenJDK 64-Bit Server VM (21.0.3+-12282718-b509.11, mixed mode, tiered, compressed oops, compressed class ptrs, g1 gc, windows-amd64)
GC Precious Log:
 CardTable entry size: 512
 Card Set container configuration: InlinePtr #cards 5 size 8 Array Of Cards #cards 12 size 40 Howl #buckets 4 coarsen threshold 1843 Howl Bitmap #cards 512 size 80 coarsen threshold 460 Card regions per heap region 1 cards per card region 2048
 CPUs: 12 total, 12 available
 Memory: 16210M
 Large Page Support: Disabled
 NUMA Support: Disabled
 Compressed Oops: Enabled (32-bit)
 Heap Region Size: 1M
 Heap Min Capacity: 8M
 Heap Initial Capacity: 254M
 Heap Max Capacity: 2G
 Pre-touch: Disabled
 Parallel Workers: 10
 Concurrent Workers: 3
 Concurrent Refinement Workers: 10
 Periodic GC: Disabled
Heap:
 garbage-first heap   total 167936K, used 134776K [0x0000000080000000, 0x0000000100000000)
  region size 1024K, 45 young (46080K), 9 survivors (9216K)
 Metaspace       used 102614K, committed 104704K, reserved 1179648K
  class space    used 14064K, committed 15104K, reserved 1048576K
GC Heap History (20 events):
Event: 6.687 GC heap before
{Heap before GC invocations=23 (full 0):
 garbage-first heap   total 126976K, used 114171K [0x0000000080000000, 0x0000000100000000)
  region size 1024K, 50 young (51200K), 6 survivors (6144K)
 Metaspace       used 80111K, committed 81920K, reserved 1179648K
  class space    used 10878K, committed 11776K, reserved 1048576K
}
Event: 6.691 GC heap after
{Heap after GC invocations=24 (full 0):
 garbage-first heap   total 126976K, used 69595K [0x0000000080000000, 0x0000000100000000)
  region size 1024K, 2 young (2048K), 2 survivors (2048K)
 Metaspace       used 80111K, committed 81920K, reserved 1179648K
  class space    used 10878K, committed 11776K, reserved 1048576K
}
Event: 7.040 GC heap before
{Heap before GC invocations=24 (full 0):
 garbage-first heap   total 126976K, used 116699K [0x0000000080000000, 0x0000000100000000)
  region size 1024K, 48 young (49152K), 2 survivors (2048K)
 Metaspace       used 83732K, committed 85632K, reserved 1179648K
  class space    used 11565K, committed 12480K, reserved 1048576K
}
Event: 7.043 GC heap after
{Heap after GC invocations=25 (full 0):
 garbage-first heap   total 126976K, used 71215K [0x0000000080000000, 0x0000000100000000)
  region size 1024K, 4 young (4096K), 4 survivors (4096K)
 Metaspace       used 83732K, committed 85632K, reserved 1179648K
  class space    used 11565K, committed 12480K, reserved 1048576K
}
Event: 7.430 GC heap before
{Heap before GC invocations=26 (full 0):
 garbage-first heap   total 126976K, used 115247K [0x0000000080000000, 0x0000000100000000)
  region size 1024K, 47 young (48128K), 4 survivors (4096K)
 Metaspace       used 87345K, committed 89344K, reserved 1179648K
  class space    used 12097K, committed 13056K, reserved 1048576K
}
Event: 7.433 GC heap after
{Heap after GC invocations=27 (full 0):
 garbage-first heap   total 126976K, used 74216K [0x0000000080000000, 0x0000000100000000)
  region size 1024K, 5 young (5120K), 5 survivors (5120K)
 Metaspace       used 87345K, committed 89344K, reserved 1179648K
  class space    used 12097K, committed 13056K, reserved 1048576K
}
Event: 7.791 GC heap before
{Heap before GC invocations=27 (full 0):
 garbage-first heap   total 126976K, used 114152K [0x0000000080000000, 0x0000000100000000)
  region size 1024K, 44 young (45056K), 5 survivors (5120K)
 Metaspace       used 90502K, committed 92480K, reserved 1179648K
  class space    used 12585K, committed 13568K, reserved 1048576K
}
Event: 7.794 GC heap after
{Heap after GC invocations=28 (full 0):
 garbage-first heap   total 126976K, used 75486K [0x0000000080000000, 0x0000000100000000)
  region size 1024K, 5 young (5120K), 5 survivors (5120K)
 Metaspace       used 90502K, committed 92480K, reserved 1179648K
  class space    used 12585K, committed 13568K, reserved 1048576K
}
Event: 8.119 GC heap before
{Heap before GC invocations=28 (full 0):
 garbage-first heap   total 126976K, used 114398K [0x0000000080000000, 0x0000000100000000)
  region size 1024K, 43 young (44032K), 5 survivors (5120K)
 Metaspace       used 93893K, committed 95872K, reserved 1179648K
  class space    used 13044K, committed 14016K, reserved 1048576K
}
Event: 8.124 GC heap after
{Heap after GC invocations=29 (full 0):
 garbage-first heap   total 126976K, used 78696K [0x0000000080000000, 0x0000000100000000)
  region size 1024K, 6 young (6144K), 6 survivors (6144K)
 Metaspace       used 93893K, committed 95872K, reserved 1179648K
  class space    used 13044K, committed 14016K, reserved 1048576K
}
Event: 8.390 GC heap before
{Heap before GC invocations=30 (full 0):
 garbage-first heap   total 138240K, used 110440K [0x0000000080000000, 0x0000000100000000)
  region size 1024K, 38 young (38912K), 6 survivors (6144K)
 Metaspace       used 95676K, committed 97728K, reserved 1179648K
  class space    used 13354K, committed 14400K, reserved 1048576K
}
Event: 8.393 GC heap after
{Heap after GC invocations=31 (full 0):
 garbage-first heap   total 138240K, used 81465K [0x0000000080000000, 0x0000000100000000)
  region size 1024K, 3 young (3072K), 3 survivors (3072K)
 Metaspace       used 95676K, committed 97728K, reserved 1179648K
  class space    used 13354K, committed 14400K, reserved 1048576K
}
Event: 8.694 GC heap before
{Heap before GC invocations=31 (full 0):
 garbage-first heap   total 138240K, used 125497K [0x0000000080000000, 0x0000000100000000)
  region size 1024K, 47 young (48128K), 3 survivors (3072K)
 Metaspace       used 96333K, committed 98368K, reserved 1179648K
  class space    used 13406K, committed 14464K, reserved 1048576K
}
Event: 8.698 GC heap after
{Heap after GC invocations=32 (full 0):
 garbage-first heap   total 138240K, used 84474K [0x0000000080000000, 0x0000000100000000)
  region size 1024K, 6 young (6144K), 6 survivors (6144K)
 Metaspace       used 96333K, committed 98368K, reserved 1179648K
  class space    used 13406K, committed 14464K, reserved 1048576K
}
Event: 8.892 GC heap before
{Heap before GC invocations=32 (full 0):
 garbage-first heap   total 138240K, used 122362K [0x0000000080000000, 0x0000000100000000)
  region size 1024K, 44 young (45056K), 6 survivors (6144K)
 Metaspace       used 96758K, committed 98816K, reserved 1179648K
  class space    used 13442K, committed 14464K, reserved 1048576K
}
Event: 8.896 GC heap after
{Heap after GC invocations=33 (full 0):
 garbage-first heap   total 138240K, used 86841K [0x0000000080000000, 0x0000000100000000)
  region size 1024K, 6 young (6144K), 6 survivors (6144K)
 Metaspace       used 96758K, committed 98816K, reserved 1179648K
  class space    used 13442K, committed 14464K, reserved 1048576K
}
Event: 9.064 GC heap before
{Heap before GC invocations=34 (full 0):
 garbage-first heap   total 167936K, used 120633K [0x0000000080000000, 0x0000000100000000)
  region size 1024K, 40 young (40960K), 6 survivors (6144K)
 Metaspace       used 97004K, committed 99072K, reserved 1179648K
  class space    used 13464K, committed 14464K, reserved 1048576K
}
Event: 9.068 GC heap after
{Heap after GC invocations=35 (full 0):
 garbage-first heap   total 167936K, used 88199K [0x0000000080000000, 0x0000000100000000)
  region size 1024K, 4 young (4096K), 4 survivors (4096K)
 Metaspace       used 97004K, committed 99072K, reserved 1179648K
  class space    used 13464K, committed 14464K, reserved 1048576K
}
Event: 208.973 GC heap before
{Heap before GC invocations=35 (full 0):
 garbage-first heap   total 167936K, used 153735K [0x0000000080000000, 0x0000000100000000)
  region size 1024K, 68 young (69632K), 4 survivors (4096K)
 Metaspace       used 99988K, committed 102016K, reserved 1179648K
  class space    used 13777K, committed 14784K, reserved 1048576K
}
Event: 208.980 GC heap after
{Heap after GC invocations=36 (full 0):
 garbage-first heap   total 167936K, used 94840K [0x0000000080000000, 0x0000000100000000)
  region size 1024K, 9 young (9216K), 9 survivors (9216K)
 Metaspace       used 99988K, committed 102016K, reserved 1179648K
  class space    used 13777K, committed 14784K, reserved 1048576K
}

