# JRE version: OpenJDK Runtime Environment (21.0.3) (build 21.0.3+-12282718-b509.11)
# Java VM: OpenJDK 64-Bit Server VM (21.0.3+-12282718-b509.11, mixed mode, tiered, compressed oops, compressed class ptrs, g1 gc, windows-amd64)
GC Precious Log:
 CardTable entry size: 512
 Card Set container configuration: InlinePtr #cards 5 size 8 Array Of Cards #cards 12 size 40 Howl #buckets 4 coarsen threshold 1843 Howl Bitmap #cards 512 size 80 coarsen threshold 460 Card regions per heap region 1 cards per card region 2048
 CPUs: 12 total, 12 available
 Memory: 16210M
 Large Page Support: Disabled
 NUMA Support: Disabled
 Compressed Oops: Enabled (32-bit)
 Heap Region Size: 1M
 Heap Min Capacity: 8M
 Heap Initial Capacity: 254M
 Heap Max Capacity: 2G
 Pre-touch: Disabled
 Parallel Workers: 10
 Concurrent Workers: 3
 Concurrent Refinement Workers: 10
 Periodic GC: Disabled
Heap:
 garbage-first heap   total 184320K, used 125918K [0x0000000080000000, 0x0000000100000000)
  region size 1024K, 13 young (13312K), 9 survivors (9216K)
 Metaspace       used 129146K, committed 131328K, reserved 1179648K
  class space    used 18032K, committed 19136K, reserved 1048576K
GC Heap History (20 events):
Event: 8.060 GC heap before
{Heap before GC invocations=27 (full 0):
 garbage-first heap   total 132096K, used 114337K [0x0000000080000000, 0x0000000100000000)
  region size 1024K, 43 young (44032K), 5 survivors (5120K)
 Metaspace       used 92605K, committed 94592K, reserved 1179648K
  class space    used 12827K, committed 13760K, reserved 1048576K
}
Event: 8.065 GC heap after
{Heap after GC invocations=28 (full 0):
 garbage-first heap   total 132096K, used 78324K [0x0000000080000000, 0x0000000100000000)
  region size 1024K, 6 young (6144K), 6 survivors (6144K)
 Metaspace       used 92605K, committed 94592K, reserved 1179648K
  class space    used 12827K, committed 13760K, reserved 1048576K
}
Event: 8.467 GC heap before
{Heap before GC invocations=28 (full 0):
 garbage-first heap   total 132096K, used 117236K [0x0000000080000000, 0x0000000100000000)
  region size 1024K, 44 young (45056K), 6 survivors (6144K)
 Metaspace       used 95556K, committed 97600K, reserved 1179648K
  class space    used 13324K, committed 14336K, reserved 1048576K
}
Event: 8.472 GC heap after
{Heap after GC invocations=29 (full 0):
 garbage-first heap   total 158720K, used 81163K [0x0000000080000000, 0x0000000100000000)
  region size 1024K, 6 young (6144K), 6 survivors (6144K)
 Metaspace       used 95556K, committed 97600K, reserved 1179648K
  class space    used 13324K, committed 14336K, reserved 1048576K
}
Event: 8.880 GC heap before
{Heap before GC invocations=29 (full 0):
 garbage-first heap   total 158720K, used 139531K [0x0000000080000000, 0x0000000100000000)
  region size 1024K, 64 young (65536K), 6 survivors (6144K)
 Metaspace       used 96307K, committed 98432K, reserved 1179648K
  class space    used 13397K, committed 14464K, reserved 1048576K
}
Event: 8.885 GC heap after
{Heap after GC invocations=30 (full 0):
 garbage-first heap   total 158720K, used 85336K [0x0000000080000000, 0x0000000100000000)
  region size 1024K, 8 young (8192K), 8 survivors (8192K)
 Metaspace       used 96307K, committed 98432K, reserved 1179648K
  class space    used 13397K, committed 14464K, reserved 1048576K
}
Event: 9.034 GC heap before
{Heap before GC invocations=30 (full 0):
 garbage-first heap   total 158720K, used 112984K [0x0000000080000000, 0x0000000100000000)
  region size 1024K, 37 young (37888K), 8 survivors (8192K)
 Metaspace       used 96884K, committed 98944K, reserved 1179648K
  class space    used 13486K, committed 14528K, reserved 1048576K
}
Event: 9.038 GC heap after
{Heap after GC invocations=31 (full 0):
 garbage-first heap   total 158720K, used 87535K [0x0000000080000000, 0x0000000100000000)
  region size 1024K, 6 young (6144K), 6 survivors (6144K)
 Metaspace       used 96884K, committed 98944K, reserved 1179648K
  class space    used 13486K, committed 14528K, reserved 1048576K
}
Event: 9.629 GC heap before
{Heap before GC invocations=32 (full 0):
 garbage-first heap   total 158720K, used 148975K [0x0000000080000000, 0x0000000100000000)
  region size 1024K, 60 young (61440K), 6 survivors (6144K)
 Metaspace       used 105071K, committed 107136K, reserved 1179648K
  class space    used 14459K, committed 15488K, reserved 1048576K
}
Event: 9.635 GC heap after
{Heap after GC invocations=33 (full 0):
 garbage-first heap   total 163840K, used 96911K [0x0000000080000000, 0x0000000100000000)
  region size 1024K, 8 young (8192K), 8 survivors (8192K)
 Metaspace       used 105071K, committed 107136K, reserved 1179648K
  class space    used 14459K, committed 15488K, reserved 1048576K
}
Event: 10.034 GC heap before
{Heap before GC invocations=33 (full 0):
 garbage-first heap   total 163840K, used 147087K [0x0000000080000000, 0x0000000100000000)
  region size 1024K, 57 young (58368K), 8 survivors (8192K)
 Metaspace       used 107488K, committed 109632K, reserved 1179648K
  class space    used 14806K, committed 15872K, reserved 1048576K
}
Event: 10.044 GC heap after
{Heap after GC invocations=34 (full 0):
 garbage-first heap   total 163840K, used 103003K [0x0000000080000000, 0x0000000100000000)
  region size 1024K, 8 young (8192K), 8 survivors (8192K)
 Metaspace       used 107488K, committed 109632K, reserved 1179648K
  class space    used 14806K, committed 15872K, reserved 1048576K
}
Event: 10.348 GC heap before
{Heap before GC invocations=34 (full 0):
 garbage-first heap   total 163840K, used 146011K [0x0000000080000000, 0x0000000100000000)
  region size 1024K, 51 young (52224K), 8 survivors (8192K)
 Metaspace       used 108288K, committed 110400K, reserved 1179648K
  class space    used 14926K, committed 15936K, reserved 1048576K
}
Event: 10.353 GC heap after
{Heap after GC invocations=35 (full 0):
 garbage-first heap   total 163840K, used 105871K [0x0000000080000000, 0x0000000100000000)
  region size 1024K, 3 young (3072K), 3 survivors (3072K)
 Metaspace       used 108288K, committed 110400K, reserved 1179648K
  class space    used 14926K, committed 15936K, reserved 1048576K
}
Event: 10.979 GC heap before
{Heap before GC invocations=36 (full 0):
 garbage-first heap   total 184320K, used 148879K [0x0000000080000000, 0x0000000100000000)
  region size 1024K, 46 young (47104K), 3 survivors (3072K)
 Metaspace       used 113847K, committed 115968K, reserved 1179648K
  class space    used 15688K, committed 16704K, reserved 1048576K
}
Event: 10.982 GC heap after
{Heap after GC invocations=37 (full 0):
 garbage-first heap   total 184320K, used 106325K [0x0000000080000000, 0x0000000100000000)
  region size 1024K, 3 young (3072K), 3 survivors (3072K)
 Metaspace       used 113847K, committed 115968K, reserved 1179648K
  class space    used 15688K, committed 16704K, reserved 1048576K
}
Event: 11.754 GC heap before
{Heap before GC invocations=37 (full 0):
 garbage-first heap   total 184320K, used 168789K [0x0000000080000000, 0x0000000100000000)
  region size 1024K, 65 young (66560K), 3 survivors (3072K)
 Metaspace       used 121696K, committed 123840K, reserved 1179648K
  class space    used 16876K, committed 17984K, reserved 1048576K
}
Event: 11.758 GC heap after
{Heap after GC invocations=38 (full 0):
 garbage-first heap   total 184320K, used 106236K [0x0000000080000000, 0x0000000100000000)
  region size 1024K, 5 young (5120K), 5 survivors (5120K)
 Metaspace       used 121696K, committed 123840K, reserved 1179648K
  class space    used 16876K, committed 17984K, reserved 1048576K
}
Event: 12.560 GC heap before
{Heap before GC invocations=38 (full 0):
 garbage-first heap   total 184320K, used 166652K [0x0000000080000000, 0x0000000100000000)
  region size 1024K, 66 young (67584K), 5 survivors (5120K)
 Metaspace       used 128981K, committed 131200K, reserved 1179648K
  class space    used 18007K, committed 19072K, reserved 1048576K
}
Event: 12.568 GC heap after
{Heap after GC invocations=39 (full 0):
 garbage-first heap   total 184320K, used 110558K [0x0000000080000000, 0x0000000100000000)
  region size 1024K, 9 young (9216K), 9 survivors (9216K)
 Metaspace       used 128981K, committed 131200K, reserved 1179648K
  class space    used 18007K, committed 19072K, reserved 1048576K
}

